<?xml version="1.0" encoding="UTF-8"?>
<!-- Generated by org.testng.reporters.JUnitReportReporter -->
<testsuite skipped="1" hostname="DESKTOP-5T4STSL" name="Scripts.TestInvalidLogin" tests="1" failures="0" timestamp="09 Dec 2017 08:58:59 GMT" time="0.000" errors="0">
  <testcase name="testInvalidLogin" time="0.000" classname="Scripts.TestInvalidLogin">
    <skipped/>
  </testcase> <!-- testInvalidLogin -->
</testsuite> <!-- Scripts.TestInvalidLogin -->
